0 info it worked if it ends with ok
1 verbose cli [ 'node', '/usr/local/bin/npm', 'publish' ]
2 info using npm@2.14.4
3 info using node@v0.10.40
4 verbose node symlink /usr/local/bin/node
5 verbose publish [ '.' ]
6 silly cache add args [ '.', null ]
7 verbose cache add spec .
8 silly cache add parsed spec { raw: '.',
8 silly cache add   scope: null,
8 silly cache add   name: null,
8 silly cache add   rawSpec: '.',
8 silly cache add   spec: '/Users/moheebzara/Projects/kryten-j5',
8 silly cache add   type: 'directory' }
9 verbose addLocalDirectory /Users/moheebzara/.npm/kryten/1.0.6/package.tgz not in flight; packing
10 verbose tar pack [ '/Users/moheebzara/.npm/kryten/1.0.6/package.tgz',
10 verbose tar pack   '/Users/moheebzara/Projects/kryten-j5' ]
11 verbose tarball /Users/moheebzara/.npm/kryten/1.0.6/package.tgz
12 verbose folder /Users/moheebzara/Projects/kryten-j5
13 info prepublish kryten@1.0.6
14 verbose addLocalTarball adding from inside cache /Users/moheebzara/.npm/kryten/1.0.6/package.tgz
15 silly cache afterAdd kryten@1.0.6
16 verbose afterAdd /Users/moheebzara/.npm/kryten/1.0.6/package/package.json not in flight; writing
17 verbose afterAdd /Users/moheebzara/.npm/kryten/1.0.6/package/package.json written
18 silly publish { name: 'kryten',
18 silly publish   version: '1.0.6',
18 silly publish   description: 'A wrapper for johnny-five that lets you define/re-configure a board using JSON and then generates schemaform.io schema for controlling it.',
18 silly publish   main: 'index.js',
18 silly publish   repository:
18 silly publish    { type: 'git',
18 silly publish      url: 'git+https://github.com/virgilvox/kryten-j5.git' },
18 silly publish   scripts: { test: 'echo "Error: no test specified" && exit 1' },
18 silly publish   author:
18 silly publish    { name: 'virgilvox',
18 silly publish      email: 'moheeb.zara@citrix.com',
18 silly publish      url: 'http://app.octoblu.com/' },
18 silly publish   license: 'ISC',
18 silly publish   dependencies:
18 silly publish    { 'coffee-script': '^1.10.0',
18 silly publish      debug: '^2.2.0',
18 silly publish      'johnny-five': '^0.9.27',
18 silly publish      lodash: '^4.6.1',
18 silly publish      'oled-font-5x7': '^1.0.0',
18 silly publish      'oled-js': '^4.0.1' },
18 silly publish   readme: '# kryten\n\nA wrapper for johnny-five that lets you define/re-configure a board using JSON and then generates schemaform.io schema for controlling it.\n\nYou can change what io it uses easily - see uncommented lines in example below.\n\n```coffee\nKryten = require \'kryten\'\nkryten = new Kryten({})\n\n# BLESerialPort = require(\'ble-serial\').SerialPort;\n# Firmata = require(\'firmata\').Board;\n# kryten = new Kryten({\n#   io: new Firmata(new BLESerialPort({}))\n# })\n\ntestOptions =\n\'port\': \'auto-detect\'\n\'interval\': \'500\'\n\'components\': [\n  {\n    \'name\': \'Led_Pin_13\'\n    \'action\': \'digitalWrite\'\n    \'pin\': \'13\'\n  }\n  {\n    \'name\': \'some_sensor\'\n    \'action\': \'analogRead\'\n    \'pin\': \'3\'\n  }\n  {\n    \'name\': \'Servo1\'\n    \'action\': \'servo\'\n    \'pin\': \'6\'\n  }\n]\n\nkryten.configure(testOptions)\n\nkryten.on \'ready\', ->\n  console.log \'ready to go dog\'\n\n  kryten.on \'data\', (data)->\n    console.log data\n\n  kryten.on \'schema\', (schema)->\n    console.log schema\n\n  state = \'1\'\n\n  setInterval ->\n    kryten.onMessage({payload: {component: \'Led_Pin_13\', state: state}})\n    if state == \'1\'\n      state = \'0\'\n    else\n      state = \'1\'\n  ,1000\n\n```\n',
18 silly publish   readmeFilename: 'README.md',
18 silly publish   gitHead: 'c9c7b1f25c46f4a970e83ebbf4fbd3dd617b0315',
18 silly publish   bugs: { url: 'https://github.com/virgilvox/kryten-j5/issues' },
18 silly publish   homepage: 'https://github.com/virgilvox/kryten-j5#readme',
18 silly publish   _id: 'kryten@1.0.6',
18 silly publish   _shasum: '44a7700fae42fd142ec4fd8da4ec2ba414f9316d',
18 silly publish   _from: '.' }
19 verbose getPublishConfig undefined
20 silly mapToRegistry name kryten
21 silly mapToRegistry using default registry
22 silly mapToRegistry registry https://registry.npmjs.org/
23 silly mapToRegistry uri https://registry.npmjs.org/kryten
24 verbose publish registryBase https://registry.npmjs.org/
25 silly publish uploading /Users/moheebzara/.npm/kryten/1.0.6/package.tgz
26 verbose request uri https://registry.npmjs.org/kryten
27 verbose request sending authorization for write operation
28 info attempt registry request try #1 at 17:00:13
29 verbose request using bearer token for auth
30 verbose request id 2732a03947dc387d
31 http request PUT https://registry.npmjs.org/kryten
32 http 403 https://registry.npmjs.org/kryten
33 verbose headers { 'content-type': 'application/json',
33 verbose headers   'cache-control': 'max-age=300',
33 verbose headers   'content-length': '95',
33 verbose headers   'accept-ranges': 'bytes',
33 verbose headers   date: 'Thu, 03 Mar 2016 00:00:13 GMT',
33 verbose headers   via: '1.1 varnish',
33 verbose headers   connection: 'keep-alive',
33 verbose headers   'x-served-by': 'cache-lax1423-LAX',
33 verbose headers   'x-cache': 'MISS',
33 verbose headers   'x-cache-hits': '0',
33 verbose headers   'x-timer': 'S1456963213.297526,VS0,VE167' }
34 verbose request invalidating /Users/moheebzara/.npm/registry.npmjs.org/kryten on PUT
35 error publish Failed PUT 403
36 verbose stack Error: "You cannot publish over the previously published version 1.0.6." : kryten
36 verbose stack     at makeError (/usr/local/lib/node_modules/npm/node_modules/npm-registry-client/lib/request.js:263:12)
36 verbose stack     at CachingRegistryClient.<anonymous> (/usr/local/lib/node_modules/npm/node_modules/npm-registry-client/lib/request.js:251:14)
36 verbose stack     at Request._callback (/usr/local/lib/node_modules/npm/node_modules/npm-registry-client/lib/request.js:171:14)
36 verbose stack     at Request.self.callback (/usr/local/lib/node_modules/npm/node_modules/request/request.js:198:22)
36 verbose stack     at Request.emit (events.js:98:17)
36 verbose stack     at Request.<anonymous> (/usr/local/lib/node_modules/npm/node_modules/request/request.js:1073:14)
36 verbose stack     at Request.emit (events.js:117:20)
36 verbose stack     at IncomingMessage.<anonymous> (/usr/local/lib/node_modules/npm/node_modules/request/request.js:1019:12)
36 verbose stack     at IncomingMessage.emit (events.js:117:20)
36 verbose stack     at _stream_readable.js:944:16
37 verbose statusCode 403
38 verbose pkgid kryten
39 verbose cwd /Users/moheebzara/Projects/kryten-j5
40 error Darwin 14.0.0
41 error argv "node" "/usr/local/bin/npm" "publish"
42 error node v0.10.40
43 error npm  v2.14.4
44 error code E403
45 error "You cannot publish over the previously published version 1.0.6." : kryten
46 error If you need help, you may report this error at:
46 error     <https://github.com/npm/npm/issues>
47 verbose exit [ 1, true ]
